<?xml version="1.0" encoding="UTF-8"?>
<testsuite xmlns:xsi="http://www.w3.org/2001/XMLSchema-instance" xsi:noNamespaceSchemaLocation="https://maven.apache.org/surefire/maven-surefire-plugin/xsd/surefire-test-report.xsd" version="3.0.2" name="com.GestionClub.app.GestionClubApplicationTests" time="13.916" tests="1" errors="0" skipped="0" failures="0">
  <properties>
[...]
</properties>
  <testcase name="contextLoads" classname="com.GestionClub.app.GestionClubApplicationTests" time="0.938">
    <system-out><![CDATA[15:08:55.098 [main] INFO org.springframework.test.context.support.AnnotationConfigContextLoaderUtils -- Could not detect default configuration classes for test class [com.GestionClub.app.GestionClubApplicationTests]: GestionClubApplicationTests does not declare any static, non-private, non-final, nested classes annotated with @Configuration.
15:08:55.327 [main] INFO org.springframework.boot.test.context.SpringBootTestContextBootstrapper -- Found @SpringBootConfiguration com.GestionClub.app.GestionClubApplication for test class com.GestionClub.app.GestionClubApplicationTests
15:08:55.764 [main] INFO org.springframework.boot.devtools.restart.RestartApplicationListener -- Restart disabled due to context in which it is running

  .   ____          _            __ _ _
 /\\ / ___'_ __ _ _(_)_ __  __ _ \ \ \ \
( ( )\___ | '_ | '_| | '_ \/ _` | \ \ \ \
 \\/  ___)| |_)| | | | | || (_| |  ) ) ) )
  '  |____| .__|_| |_|_| |_\__, | / / / /
 =========|_|==============|___/=/_/_/_/

 :: Spring Boot ::                (v3.4.5)

2025-05-20T15:08:56.453-05:00  INFO 5288 --- [GestionClub] [           main] c.G.app.GestionClubApplicationTests      : Starting GestionClubApplicationTests using Java 17.0.15 with PID 5288 (started by diego in C:\spring trabajos juanPerez\GestionClub)
2025-05-20T15:08:56.458-05:00  INFO 5288 --- [GestionClub] [           main] c.G.app.GestionClubApplicationTests      : No active profile set, falling back to 1 default profile: "default"
2025-05-20T15:08:58.217-05:00  INFO 5288 --- [GestionClub] [           main] .s.d.r.c.RepositoryConfigurationDelegate : Bootstrapping Spring Data JPA repositories in DEFAULT mode.
2025-05-20T15:08:58.569-05:00  INFO 5288 --- [GestionClub] [           main] .s.d.r.c.RepositoryConfigurationDelegate : Finished Spring Data repository scanning in 334 ms. Found 5 JPA repository interfaces.
2025-05-20T15:08:59.874-05:00  INFO 5288 --- [GestionClub] [           main] com.zaxxer.hikari.HikariDataSource       : HikariPool-1 - Starting...
2025-05-20T15:09:00.393-05:00  INFO 5288 --- [GestionClub] [           main] com.zaxxer.hikari.pool.HikariPool        : HikariPool-1 - Added connection conn0: url=jdbc:h2:mem:club user=DIEGO
2025-05-20T15:09:00.395-05:00  INFO 5288 --- [GestionClub] [           main] com.zaxxer.hikari.HikariDataSource       : HikariPool-1 - Start completed.
2025-05-20T15:09:00.602-05:00  INFO 5288 --- [GestionClub] [           main] o.hibernate.jpa.internal.util.LogHelper  : HHH000204: Processing PersistenceUnitInfo [name: default]
2025-05-20T15:09:00.759-05:00  INFO 5288 --- [GestionClub] [           main] org.hibernate.Version                    : HHH000412: Hibernate ORM core version 6.6.13.Final
2025-05-20T15:09:00.832-05:00  INFO 5288 --- [GestionClub] [           main] o.h.c.internal.RegionFactoryInitiator    : HHH000026: Second-level cache disabled
2025-05-20T15:09:01.769-05:00  INFO 5288 --- [GestionClub] [           main] o.s.o.j.p.SpringPersistenceUnitInfo      : No LoadTimeWeaver setup: ignoring JPA class transformer
2025-05-20T15:09:01.878-05:00  WARN 5288 --- [GestionClub] [           main] org.hibernate.orm.deprecation            : HHH90000025: H2Dialect does not need to be specified explicitly using 'hibernate.dialect' (remove the property setting and it will be selected by default)
2025-05-20T15:09:01.911-05:00  INFO 5288 --- [GestionClub] [           main] org.hibernate.orm.connections.pooling    : HHH10001005: Database info:
	Database JDBC URL [Connecting through datasource 'HikariDataSource (HikariPool-1)']
	Database driver: undefined/unknown
	Database version: 2.3.232
	Autocommit mode: undefined/unknown
	Isolation level: undefined/unknown
	Minimum pool size: undefined/unknown
	Maximum pool size: undefined/unknown
2025-05-20T15:09:05.068-05:00  INFO 5288 --- [GestionClub] [           main] o.h.e.t.j.p.i.JtaPlatformInitiator       : HHH000489: No JTA platform available (set 'hibernate.transaction.jta.platform' to enable JTA platform integration)
2025-05-20T15:09:05.218-05:00  INFO 5288 --- [GestionClub] [           main] j.LocalContainerEntityManagerFactoryBean : Initialized JPA EntityManagerFactory for persistence unit 'default'
2025-05-20T15:09:06.685-05:00  WARN 5288 --- [GestionClub] [           main] JpaBaseConfiguration$JpaWebConfiguration : spring.jpa.open-in-view is enabled by default. Therefore, database queries may be performed during view rendering. Explicitly configure spring.jpa.open-in-view to disable this warning
2025-05-20T15:09:06.776-05:00  INFO 5288 --- [GestionClub] [           main] o.s.b.a.w.s.WelcomePageHandlerMapping    : Adding welcome page template: index
2025-05-20T15:09:07.518-05:00  INFO 5288 --- [GestionClub] [           main] o.s.b.a.h2.H2ConsoleAutoConfiguration    : H2 console available at '/h2-console'. Database available at 'jdbc:h2:mem:club'
2025-05-20T15:09:07.685-05:00  INFO 5288 --- [GestionClub] [           main] c.G.app.GestionClubApplicationTests      : Started GestionClubApplicationTests in 11.954 seconds (process running for 14.784)
]]></system-out>
  </testcase>
</testsuite>